Determining if the pthread_create exist failed with the following output:
Change Dir: /home/nnadozie/git/arq-teleop-robot/catkin_wsu/build/catkin_tools_prebuild/CMakeFiles/CMakeTmp

Run Build Command:/usr/bin/make "cmTryCompileExec1742685096/fast"
/usr/bin/make -f CMakeFiles/cmTryCompileExec1742685096.dir/build.make CMakeFiles/cmTryCompileExec1742685096.dir/build
make[1]: Entering directory `/home/nnadozie/git/arq-teleop-robot/catkin_wsu/build/catkin_tools_prebuild/CMakeFiles/CMakeTmp'
/usr/bin/cmake -E cmake_progress_report /home/nnadozie/git/arq-teleop-robot/catkin_wsu/build/catkin_tools_prebuild/CMakeFiles/CMakeTmp/CMakeFiles 1
Building C object CMakeFiles/cmTryCompileExec1742685096.dir/CheckSymbolExists.c.o
/usr/bin/cc    -o CMakeFiles/cmTryCompileExec1742685096.dir/CheckSymbolExists.c.o   -c /home/nnadozie/git/arq-teleop-robot/catkin_wsu/build/catkin_tools_prebuild/CMakeFiles/CMakeTmp/CheckSymbolExists.c
Linking C executable cmTryCompileExec1742685096
/usr/bin/cmake -E cmake_link_script CMakeFiles/cmTryCompileExec1742685096.dir/link.txt --verbose=1
/usr/bin/cc       CMakeFiles/cmTryCompileExec1742685096.dir/CheckSymbolExists.c.o  -o cmTryCompileExec1742685096 -rdynamic 
CMakeFiles/cmTryCompileExec1742685096.dir/CheckSymbolExists.c.o: In function `main':
CheckSymbolExists.c:(.text+0x16): undefined reference to `pthread_create'
collect2: error: ld returned 1 exit status
make[1]: Leaving directory `/home/nnadozie/git/arq-teleop-robot/catkin_wsu/build/catkin_tools_prebuild/CMakeFiles/CMakeTmp'
make[1]: *** [cmTryCompileExec1742685096] Error 1
make: *** [cmTryCompileExec1742685096/fast] Error 2

File /home/nnadozie/git/arq-teleop-robot/catkin_wsu/build/catkin_tools_prebuild/CMakeFiles/CMakeTmp/CheckSymbolExists.c:
/* */
#include <pthread.h>

int main(int argc, char** argv)
{
  (void)argv;
#ifndef pthread_create
  return ((int*)(&pthread_create))[argc];
#else
  (void)argc;
  return 0;
#endif
}

Determining if the function pthread_create exists in the pthreads failed with the following output:
Change Dir: /home/nnadozie/git/arq-teleop-robot/catkin_wsu/build/catkin_tools_prebuild/CMakeFiles/CMakeTmp

Run Build Command:/usr/bin/make "cmTryCompileExec4043533884/fast"
/usr/bin/make -f CMakeFiles/cmTryCompileExec4043533884.dir/build.make CMakeFiles/cmTryCompileExec4043533884.dir/build
make[1]: Entering directory `/home/nnadozie/git/arq-teleop-robot/catkin_wsu/build/catkin_tools_prebuild/CMakeFiles/CMakeTmp'
/usr/bin/cmake -E cmake_progress_report /home/nnadozie/git/arq-teleop-robot/catkin_wsu/build/catkin_tools_prebuild/CMakeFiles/CMakeTmp/CMakeFiles 1
Building C object CMakeFiles/cmTryCompileExec4043533884.dir/CheckFunctionExists.c.o
/usr/bin/cc   -DCHECK_FUNCTION_EXISTS=pthread_create   -o CMakeFiles/cmTryCompileExec4043533884.dir/CheckFunctionExists.c.o   -c /usr/share/cmake-2.8/Modules/CheckFunctionExists.c
Linking C executable cmTryCompileExec4043533884
/usr/bin/cmake -E cmake_link_script CMakeFiles/cmTryCompileExec4043533884.dir/link.txt --verbose=1
/usr/bin/cc   -DCHECK_FUNCTION_EXISTS=pthread_create    CMakeFiles/cmTryCompileExec4043533884.dir/CheckFunctionExists.c.o  -o cmTryCompileExec4043533884 -rdynamic -lpthreads 
/usr/bin/ld: cannot find -lpthreads
collect2: error: ld returned 1 exit status
make[1]: Leaving directory `/home/nnadozie/git/arq-teleop-robot/catkin_wsu/build/catkin_tools_prebuild/CMakeFiles/CMakeTmp'
make[1]: *** [cmTryCompileExec4043533884] Error 1
make: *** [cmTryCompileExec4043533884/fast] Error 2


